Start testing: Apr 08 17:34 EDT
----------------------------------------------------------
1/2 Testing: MathGroup.CanSetOrderElementsAndOperation
1/2 Test: MathGroup.CanSetOrderElementsAndOperation
Command: "/Volumes/DockDrive/github/teaching/cse-310/MathematicalGroups-CPP/build/testing/MathematicalGroupsTests" "--gtest_filter=MathGroup.CanSetOrderElementsAndOperation" "--gtest_also_run_disabled_tests"
Directory: /Volumes/DockDrive/github/teaching/cse-310/MathematicalGroups-CPP/build/testing
"MathGroup.CanSetOrderElementsAndOperation" start time: Apr 08 17:34 EDT
Output:
----------------------------------------------------------
Running main() from /Volumes/DockDrive/github/teaching/cse-310/MathematicalGroups-CPP/build/_deps/googletest-src/googletest/src/gtest_main.cc
Note: Google Test filter = MathGroup.CanSetOrderElementsAndOperation
[==========] Running 1 test from 1 test suite.
[----------] Global test environment set-up.
[----------] 1 test from MathGroup
[ RUN      ] MathGroup.CanSetOrderElementsAndOperation
[       OK ] MathGroup.CanSetOrderElementsAndOperation (0 ms)
[----------] 1 test from MathGroup (0 ms total)

[----------] Global test environment tear-down
[==========] 1 test from 1 test suite ran. (0 ms total)
[  PASSED  ] 1 test.
<end of output>
Test time =   0.01 sec
----------------------------------------------------------
Test Passed.
"MathGroup.CanSetOrderElementsAndOperation" end time: Apr 08 17:34 EDT
"MathGroup.CanSetOrderElementsAndOperation" time elapsed: 00:00:00
----------------------------------------------------------

2/2 Testing: DirectSum.HasOrderProductAndOperatesComponentwise
2/2 Test: DirectSum.HasOrderProductAndOperatesComponentwise
Command: "/Volumes/DockDrive/github/teaching/cse-310/MathematicalGroups-CPP/build/testing/MathematicalGroupsTests" "--gtest_filter=DirectSum.HasOrderProductAndOperatesComponentwise" "--gtest_also_run_disabled_tests"
Directory: /Volumes/DockDrive/github/teaching/cse-310/MathematicalGroups-CPP/build/testing
"DirectSum.HasOrderProductAndOperatesComponentwise" start time: Apr 08 17:34 EDT
Output:
----------------------------------------------------------
Running main() from /Volumes/DockDrive/github/teaching/cse-310/MathematicalGroups-CPP/build/_deps/googletest-src/googletest/src/gtest_main.cc
Note: Google Test filter = DirectSum.HasOrderProductAndOperatesComponentwise
[==========] Running 1 test from 1 test suite.
[----------] Global test environment set-up.
[----------] 1 test from DirectSum
[ RUN      ] DirectSum.HasOrderProductAndOperatesComponentwise
[       OK ] DirectSum.HasOrderProductAndOperatesComponentwise (0 ms)
[----------] 1 test from DirectSum (0 ms total)

[----------] Global test environment tear-down
[==========] 1 test from 1 test suite ran. (0 ms total)
[  PASSED  ] 1 test.
<end of output>
Test time =   0.00 sec
----------------------------------------------------------
Test Passed.
"DirectSum.HasOrderProductAndOperatesComponentwise" end time: Apr 08 17:34 EDT
"DirectSum.HasOrderProductAndOperatesComponentwise" time elapsed: 00:00:00
----------------------------------------------------------

End testing: Apr 08 17:34 EDT
